  Source.cpp
C:\Users\kahum\source\repos\Assignment4\Assignment4\Source.cpp(139,2): error C3861: 'drawInliersOutliers': identifier not found
C:\Users\kahum\source\repos\Assignment4\Assignment4\Source.cpp(158,46): warning C4244: 'argument': conversion from '_Tp' to '_Tp', possible loss of data
          with
          [
              _Tp=double
          ]
          and
          [
              _Tp=float
          ]
C:\Users\kahum\source\repos\Assignment4\Assignment4\Source.cpp(157,68): warning C4244: 'argument': conversion from '_Tp' to '_Tp', possible loss of data
          with
          [
              _Tp=double
          ]
          and
          [
              _Tp=float
          ]
C:\Users\kahum\source\repos\Assignment4\Assignment4\Source.cpp(176,53): warning C4267: 'argument': conversion from 'size_t' to 'int', possible loss of data
C:\Users\kahum\source\repos\Assignment4\Assignment4\Source.cpp(196,46): warning C4244: 'argument': conversion from '_Tp' to '_Tp', possible loss of data
          with
          [
              _Tp=double
          ]
          and
          [
              _Tp=float
          ]
C:\Users\kahum\source\repos\Assignment4\Assignment4\Source.cpp(195,67): warning C4244: 'argument': conversion from '_Tp' to '_Tp', possible loss of data
          with
          [
              _Tp=double
          ]
          and
          [
              _Tp=float
          ]
C:\Users\kahum\source\repos\Assignment4\Assignment4\Source.cpp(218,46): warning C4244: 'argument': conversion from '_Tp' to '_Tp', possible loss of data
          with
          [
              _Tp=double
          ]
          and
          [
              _Tp=float
          ]
C:\Users\kahum\source\repos\Assignment4\Assignment4\Source.cpp(217,67): warning C4244: 'argument': conversion from '_Tp' to '_Tp', possible loss of data
          with
          [
              _Tp=double
          ]
          and
          [
              _Tp=float
          ]
C:\Users\kahum\source\repos\Assignment4\Assignment4\Source.cpp(385,31): warning C4267: 'initializing': conversion from 'size_t' to 'int', possible loss of data
C:\Users\kahum\source\repos\Assignment4\Assignment4\Source.cpp(395,31): warning C4267: 'initializing': conversion from 'size_t' to 'int', possible loss of data
C:\Users\kahum\source\repos\Assignment4\Assignment4\Source.cpp(409,43): warning C4267: 'initializing': conversion from 'size_t' to 'int', possible loss of data
C:\Users\kahum\source\repos\Assignment4\Assignment4\Source.cpp(428,41): warning C4267: 'initializing': conversion from 'size_t' to 'int', possible loss of data
C:\Users\kahum\source\repos\Assignment4\Assignment4\Source.cpp(438,31): warning C4267: 'initializing': conversion from 'size_t' to 'int', possible loss of data
C:\Users\kahum\source\repos\Assignment4\Assignment4\Source.cpp(474,31): warning C4267: 'initializing': conversion from 'size_t' to 'int', possible loss of data
